make all --print-data-base --no-builtin-variables --no-builtin-rules --question
# GNU Make 3.81
# Copyright (C) 2006  Free Software Foundation, Inc.
# This is free software; see the source for copying conditions.
# There is NO warranty; not even for MERCHANTABILITY or FITNESS FOR A
# PARTICULAR PURPOSE.

# This program built for i386-apple-darwin11.3.0

# Make data base, printed on Wed Jul 13 18:36:13 2022

# Variables

# automatic
<D = $(patsubst %/,%,$(dir $<))
# automatic
?F = $(notdir $?)
# automatic
?D = $(patsubst %/,%,$(dir $?))
# automatic
@D = $(patsubst %/,%,$(dir $@))
# automatic
@F = $(notdir $@)
# makefile
CURDIR := /Users/vittorio/github/OS8085
# makefile
SHELL = /bin/sh
# environment
VSCODE_NLS_CONFIG = {"locale":"it","availableLanguages":{"*":"it"},"_languagePackId":"ab4c584458951cae9fe6dd31374e1344.it","_translationsConfigFile":"/Users/vittorio/Library/Application Support/Code/clp/ab4c584458951cae9fe6dd31374e1344.it/tcf.json","_cacheRoot":"/Users/vittorio/Library/Application Support/Code/clp/ab4c584458951cae9fe6dd31374e1344.it","_resolvedLanguagePackCoreLocation":"/Users/vittorio/Library/Application Support/Code/clp/ab4c584458951cae9fe6dd31374e1344.it/b06ae3b2d2dbfe28bca3134cc6be65935cdfea6a","_corruptedFile":"/Users/vittorio/Library/Application Support/Code/clp/ab4c584458951cae9fe6dd31374e1344.it/corrupted.info","_languagePackSupport":true}
# environment
_ = /usr/bin/make
# makefile (from `makefile', line 1)
MAKEFILE_LIST :=  makefile
# environment
__CFBundleIdentifier = com.microsoft.VSCode
# environment
VSCODE_CWD = /
# environment
PATH = /usr/local/bin:/usr/bin:/bin:/usr/sbin:/sbin:/Library/TeX/texbin:/usr/local/share/dotnet:~/.dotnet/tools
# environment
ELECTRON_RUN_AS_NODE = 1
# default
.FEATURES := target-specific order-only second-expansion else-if archives jobserver check-symlink
# environment
SSH_AUTH_SOCK = /private/tmp/com.apple.launchd.QjQs3ndgV7/Listeners
# automatic
%F = $(notdir $%)
# environment
PWD = /Users/vittorio/github/OS8085
# environment
ORIGINAL_XDG_CURRENT_DESKTOP = undefined
# environment
VSCODE_AMD_ENTRYPOINT = vs/workbench/api/node/extensionHostProcess
# environment
HOME = /Users/vittorio
# default
MAKEFILEPATH = $(shell /usr/bin/xcode-select -print-path 2>/dev/null || echo /Developer)/Makefiles
# environment
VSCODE_CODE_CACHE_PATH = /Users/vittorio/Library/Application Support/Code/CachedData/b06ae3b2d2dbfe28bca3134cc6be65935cdfea6a
# environment
LOGNAME = vittorio
# environment
APPLICATION_INSIGHTS_NO_DIAGNOSTIC_CHANNEL = 1
# environment
VSCODE_HANDLES_UNCAUGHT_ERRORS = true
# automatic
^D = $(patsubst %/,%,$(dir $^))
# environment
XPC_FLAGS = 0x0
# default
MAKE = $(MAKE_COMMAND)
# default
MAKECMDGOALS := all
# environment
SHLVL = 1
# default
MAKE_VERSION := 3.81
# environment
USER = vittorio
# makefile
.DEFAULT_GOAL := target
# makefile (from `makefile', line 2)
FSM = sources/file_system_manager/FSM.8085.asm
# automatic
%D = $(patsubst %/,%,$(dir $%))
# default
MAKE_COMMAND := /Library/Developer/CommandLineTools/usr/bin/make
# makefile (from `makefile', line 3)
MMS = sources/memory_management/MMS.8085.asm
# default
.VARIABLES := 
# environment
TMPDIR = /var/folders/r_/d0z_3v7n20q8y72zxcg7tl680000gn/T/
# automatic
*F = $(notdir $*)
# makefile (from `makefile', line 4)
BIOS = sources/bios/BIOS_MINIMAL.8085.asm
# environment
VSCODE_IPC_HOOK = /Users/vittorio/Library/Application Support/Code/1.69.1-main.sock
# environment
MallocNanoZone = 0
# makefile
MAKEFLAGS = Rrqp
# environment
MFLAGS = -Rrqp
# automatic
*D = $(patsubst %/,%,$(dir $*))
# makefile (from `makefile', line 5)
MAIN = sources/main.8085.asm
# environment
XPC_SERVICE_NAME = application.com.microsoft.VSCode.2823365.2823371
# automatic
+D = $(patsubst %/,%,$(dir $+))
# automatic
+F = $(notdir $+)
# makefile (from `makefile', line 1)
CPS = sources/console_processor/CPS.8085.asm
# makefile (from `makefile', line 6)
ASSEMBLER = retroassembler/retroassembler.dll
# makefile (from `makefile', line 8)
TEMP = /tmp/compiled
# makefile (from `makefile', line 9)
OUTPUT = bin
# environment
__CF_USER_TEXT_ENCODING = 0x1F5:0x0:0x4
# environment
COMMAND_MODE = unix2003
# default
MAKEFILES := 
# automatic
<F = $(notdir $<)
# environment
LC_ALL = C
# automatic
^F = $(notdir $^)
# default
SUFFIXES := 
# default
.INCLUDE_DIRS = /usr/local/include
# environment
MAKELEVEL := 0
# environment
LANG = C
# environment
VSCODE_PID = 5961
# variable set hash-table stats:
# Load=66/1024=6%, Rehash=0, Collisions=1/95=1%

# Pattern-specific Variable Values

# No pattern-specific variable values.

# Directories

# . (device 16777223, inode 2939719): 11 files, no impossibilities.

# 11 files, no impossibilities in 1 directories.

# Implicit Rules

# No implicit rules.

# Files

# Not a target:
all:
#  Command-line target.
#  Implicit rule search has been done.
#  File does not exist.
#  File has not been updated.
# variable set hash-table stats:
# Load=0/32=0%, Rehash=0, Collisions=0/0=0%

# Not a target:
sources/console_processor/CPS.8085.asm:
#  Implicit rule search has not been done.
#  Modification time never checked.
#  File has not been updated.

# Not a target:
.SUFFIXES:
#  Implicit rule search has not been done.
#  Modification time never checked.
#  File has not been updated.

# Not a target:
sources/memory_management/MMS.8085.asm:
#  Implicit rule search has not been done.
#  Modification time never checked.
#  File has not been updated.

# Not a target:
makefile:
#  Implicit rule search has been done.
#  Last modified 2022-07-13 18:22:58
#  File has been updated.
#  Successfully updated.
# variable set hash-table stats:
# Load=0/32=0%, Rehash=0, Collisions=0/0=0%

# Not a target:
sources/bios/BIOS_MINIMAL.8085.asm:
#  Implicit rule search has not been done.
#  Modification time never checked.
#  File has not been updated.

# Not a target:
sources/file_system_manager/FSM.8085.asm:
#  Implicit rule search has not been done.
#  Modification time never checked.
#  File has not been updated.

# Not a target:
.DEFAULT:
#  Implicit rule search has not been done.
#  Modification time never checked.
#  File has not been updated.

# Not a target:
sources/main.8085.asm:
#  Implicit rule search has not been done.
#  Modification time never checked.
#  File has not been updated.

target: sources/console_processor/CPS.8085.asm sources/file_system_manager/FSM.8085.asm sources/memory_management/MMS.8085.asm sources/bios/BIOS_MINIMAL.8085.asm sources/main.8085.asm
#  Implicit rule search has not been done.
#  Modification time never checked.
#  File has not been updated.
#  commands to execute (from `makefile', line 12):
	@echo selected bios: $(BIOS)
	@echo selected CPS:	$(CPS)
	@echo selected FSM: $(FSM)
	@echo selected MMS: $(MMS)
	@echo compiling main system files...
	dotnet $(ASSEMBLER) $(MAIN) $(OUTPUT)/
	@echo -------------------------------- 
	@echo files generated: 
	@ls bin
	

# files hash-table stats:
# Load=10/1024=1%, Rehash=0, Collisions=0/27=0%
# VPATH Search Paths

# No `vpath' search paths.

# No general (`VPATH' variable) search path.

# # of strings in strcache: 1
# # of strcache buffers: 1
# strcache size: total = 4096 / max = 4096 / min = 4096 / avg = 4096
# strcache free: total = 4087 / max = 4087 / min = 4087 / avg = 4087

# Finished Make data base on Wed Jul 13 18:36:13 2022

 
make: *** No rule to make target `all'.  Stop.

